The parameter values used or converged in the simulated result:
Initial LAI  =  0.028165
Parameter a =   0.75235
Parameter b = 0.0016555
Parameter c = 0.00031144

Estimated grain yield (kg/ha) :
 3021.2

DOY  DAP   GDD   OLAI    LAI    AGDM    NPP    GPP    ETc    PGP
122   0    0.0    nan   0.04     0.0   0.12   0.00   0.00    0.0
123   1    1.7    nan   0.04     0.3   0.07   1.07   0.45    0.0
124   2    5.9    nan   0.04     0.5   0.06   1.28   0.68    0.0
125   3   11.0    nan   0.04     0.7   0.10   0.79   0.33    0.0
126   4   16.8    nan   0.04     0.9   0.10   1.28   0.49    0.0
127   5   19.4    nan   0.05     1.2   0.18   1.25   0.23    0.0
128   6   22.1    nan   0.05     1.6   0.19   1.28   0.21    0.0
129   7   25.3    nan   0.05     2.1   0.18   1.29   0.19    0.0
130   8   30.6    nan   0.06     2.6   0.23   1.03   0.27    0.0
131   9   34.2    nan   0.06     3.2   0.16   1.21   0.50    0.0
132  10   34.2    nan   0.07     3.6   0.23   1.11   0.57    0.0
133  11   34.6    nan   0.07     4.2   0.26   1.37   0.52    0.0
134  12   36.9    nan   0.08     4.9   0.30   1.38   0.26    0.0
135  13   40.7    nan   0.08     5.7   0.31   1.35   0.10    0.0
136  14   44.7    nan   0.09     6.5   0.40   1.32   0.34    0.0
137  15   49.9    nan   0.10     7.5   0.29   1.44   0.54    0.0
138  16   55.9    nan   0.10     8.2   0.05   1.45   0.45    0.0
139  17   61.2    nan   0.11     8.4   0.41   1.18   0.59    0.0
140  18   67.1    nan   0.12     9.5   0.49   1.24   0.85    0.0
141  19   72.4    nan   0.13    10.7   0.55   0.30   0.95    0.0
142  20   78.9    nan   0.13    12.1   0.32   1.54   0.91    0.0
143  21   87.1    nan   0.14    13.0   0.08   1.51   0.64    0.0
144  22   91.1    nan   0.15    13.2   0.10   1.55   0.53    0.0
145  23   93.7    nan   0.16    13.4   0.26   1.39   0.71    0.0
146  24   98.1    nan   0.17    14.1   0.34   1.62   0.90    0.0
147  25  101.9    nan   0.18    15.0   0.54   1.45   0.72    0.0
148  26  105.9    nan   0.19    16.4   0.41   1.21   0.76    0.0
149  27  110.9    nan   0.21    17.5   0.61   1.61   0.89    0.0
150  28  116.8    nan   0.22    19.1   0.73   1.45   0.75    0.0
151  29  122.9    nan   0.24    21.0   0.65   1.41   0.86    0.0
152  30  128.2    nan   0.26    22.7   1.08   1.42   0.97    0.0
153  31  132.8    nan   0.28    25.5   1.15   1.42   1.07    0.0
154  32  139.6    nan   0.30    28.4   1.13   1.91   1.00    0.0
155  33  148.0    nan   0.33    31.4   1.37   1.96   0.48    0.0
156  34  157.0    nan   0.35    34.9   1.41   1.91   0.47    0.0
157  35  165.9    nan   0.38    38.6   1.54   2.08   0.74    0.0
158  36  177.0    nan   0.41    42.6   1.66   2.16   0.62    0.0
159  37  188.9    nan   0.44    46.9   1.92   1.75   0.85    0.0
160  38  199.6    nan   0.47    51.8   2.02   0.55   1.02    0.0
161  39  211.0    nan   0.50    57.1   1.99   0.92   0.77    0.0
162  40  223.9    nan   0.54    62.2   2.02   1.17   0.96    0.0
163  41  235.9    nan   0.57    67.5   0.58   1.08   0.94    0.0
164  42  244.5    nan   0.60    69.0   1.04   1.43   0.71    0.0
165  43  254.8    nan   0.64    71.7   0.94   2.02   0.71    0.0
166  44  265.6    nan   0.67    74.1   2.15   2.09   0.75    0.0
167  45  277.1    nan   0.71    79.6   1.76   2.62   0.80    0.0
168  46  287.6    nan   0.75    84.2   1.68   2.87   0.79    0.0
169  47  299.2    nan   0.79    88.6   2.63   2.54   0.84    0.0
170  48  313.1    nan   0.83    95.4   1.85   3.03   0.85    0.0
171  49  324.3    nan   0.87   100.2   2.27   3.10   0.72    0.0
172  50  335.7    nan   0.92   106.1   3.20   3.18   0.97    0.0
173  51  347.0    nan   0.96   114.4   2.39   2.94   1.28    0.0
174  52  355.8    nan   1.01   120.6   3.88   3.19   1.39    0.0
175  53  365.5    nan   1.06   130.6   4.16   3.55   1.48    0.0
176  54  376.4    nan   1.11   141.4   4.26   3.33   1.80    0.0
177  55  389.7    nan   1.16   152.4   2.52   0.75   2.00    0.0
178  56  402.0    nan   1.21   159.0   1.44   3.92   1.34    0.0
179  57  412.7   1.42   1.27   162.7   3.58   2.78   1.91    0.0
180  58  424.8    nan   1.32   172.0   3.83   3.36   1.53    0.0
181  59  437.0    nan   1.37   181.9   2.23   1.50   1.34    0.0
182  60  448.1    nan   1.42   187.7   3.74   2.03   0.66    0.0
183  61  461.8    nan   1.47   197.4   0.69   4.40   1.18    0.0
184  62  474.6    nan   1.53   199.2   2.11   1.57   1.56    0.0
185  63  488.7    nan   1.58   204.6   3.35   3.76   0.86    0.0
186  64  502.9    nan   1.63   213.3   4.78   4.06   1.42    0.0
187  65  517.6   1.87   1.69   225.7   5.34   3.17   1.59    0.0
188  66  531.1    nan   1.75   239.5   4.59   3.92   1.11    0.0
189  67  544.3    nan   1.80   251.5   3.97   3.49   1.25    0.0
190  68  556.8    nan   1.86   261.7   4.61   4.86   1.10    0.0
191  69  569.5    nan   1.92   273.7   3.85   5.28   1.18    0.0
192  70  582.0    nan   1.98   283.7   2.76   3.79   1.32    0.0
193  71  594.4    nan   2.03   290.8   5.32   5.97   1.64    0.0
194  72  606.6    nan   2.09   304.6   5.46   5.67   1.37    0.0
195  73  620.2   2.05   2.15   318.8   4.84   2.49   2.39    0.0
196  74  633.7    nan   2.20   331.3   5.58   6.45   1.70    0.0
197  75  646.8    nan   2.25   345.8   1.77   5.30   1.07    0.0
198  76  658.6    nan   2.30   350.4   0.96   6.81   1.15    0.0
199  77  670.7    nan   2.35   352.9   2.60   6.19   1.29    0.0
200  78  684.9    nan   2.39   359.6   2.47   2.53   1.60    0.0
201  79  698.6    nan   2.44   366.0   5.82   6.88   1.88    0.0
202  80  713.5    nan   2.49   381.1   3.17   3.84   1.49    0.0
203  81  728.5   2.42   2.53   389.3   3.43   5.92   1.36    0.0
204  82  742.3    nan   2.58   398.2   2.17   6.85   1.76    0.0
205  83  755.6    nan   2.63   403.8   4.63   5.76   2.18    0.0
206  84  769.6    nan   2.67   415.8   3.79   7.14   1.58    0.0
207  85  783.8    nan   2.72   425.7   4.22   6.75   1.35    0.0
208  86  797.6    nan   2.77   436.6   6.23   7.84   1.88    0.0
209  87  812.0    nan   2.82   452.7   6.23   7.93   1.80    0.0
210  88  826.3    nan   2.87   468.9   5.22   7.40   2.11    0.0
211  89  841.5   2.99   2.92   482.4   3.34   2.54   2.13    0.0
212  90  856.2    nan   2.97   491.1   4.45   3.16   1.54    0.0
213  91  871.1    nan   3.02   502.6   4.84   8.48   1.51    0.0
214  92  887.2    nan   3.07   515.2   6.32   8.74   1.97    0.0
215  93  903.5    nan   3.12   531.6   5.91   8.51   1.95    0.0
216  94  918.7    nan   3.17   546.9   5.73   8.16   2.31    0.0
217  95  934.7    nan   3.22   561.7   6.69   7.99   2.55    0.0
218  96  951.6    nan   3.26   579.0   3.24   9.19   2.04    0.0
219  97  966.6   3.41   3.31   587.5   1.64   9.37   2.15    0.0
220  98  980.0    nan   3.35   591.7   6.03   9.16   2.45    0.0
221  99  995.5    nan   3.39   607.3   6.98   2.90   2.56    0.0
222 100 1010.8    nan   3.44   625.4   4.61   8.64   1.86    0.0
223 101 1026.1    nan   3.47   637.4   6.66   8.19   3.08    0.0
224 102 1043.2    nan   3.51   654.6   1.86   9.45   2.60    0.0
225 103 1055.3    nan   3.55   659.4   4.55   8.80   1.82    0.0
226 104 1070.1    nan   3.58   671.3   3.00  10.04   1.74    0.0
227 105 1085.4   3.65   3.61   679.0   6.29  10.23   2.30    0.0
228 106 1100.5    nan   3.64   695.3   3.83   8.47   2.36    0.0
229 107 1113.7    nan   3.66   705.3   7.85   7.31   2.32    0.0
230 108 1126.8    nan   3.68   725.6   5.19   4.61   2.85    0.0
231 109 1140.9    nan   3.70   739.1   7.01   8.31   2.55    0.0
232 110 1156.9    nan   3.71   757.2   6.82   5.11   3.00    9.5
233 111 1172.5    nan   3.72   774.9   6.29   6.51   2.19   19.1
234 112 1187.9    nan   3.73   791.2   6.96   8.77   1.96   28.2
235 113 1203.1   3.79   3.74   809.3   3.40  10.53   2.24   38.5
236 114 1217.4    nan   3.75   818.1   3.87  10.71   2.95   43.6
237 115 1230.1    nan   3.75   828.1   1.08   4.68   3.09   49.6
238 116 1239.5    nan   3.75   830.9   1.45   8.57   2.35   51.3
239 117 1251.5    nan   3.75   834.6   5.01   6.92   1.81   53.6
240 118 1266.2    nan   3.75   847.6   3.57  10.49   1.71   61.7
241 119 1281.5    nan   3.75   856.9   1.09   9.89   2.37   67.5
242 120 1294.2    nan   3.75   859.7   5.82  10.78   2.40   69.3
243 121 1307.6   3.86   3.75   874.8   4.28  10.67   2.95   79.1
244 122 1320.2    nan   3.75   885.9   5.16   7.16   3.33   86.4
245 123 1335.4    nan   3.75   899.2   3.82   6.33   2.21   95.3
246 124 1349.1    nan   3.75   909.2   3.40   8.48   2.94  102.0
247 125 1362.7    nan   3.75   918.0   6.06   8.20   3.46  108.0
248 126 1376.5    nan   3.75   933.7   4.55  10.91   2.70  118.8
249 127 1390.5    nan   3.75   945.5   4.84  10.70   3.35  127.0
250 128 1404.3    nan   3.75   958.0   7.27   9.97   3.61  135.9
251 129 1418.1   3.85   3.75   976.8   3.31  10.73   3.73  149.2
252 130 1429.1    nan   3.75   985.4   1.60   8.30   3.04  155.3
253 131 1439.7    nan   3.75   989.6   1.02   9.76   2.81  158.3
254 132 1451.5    nan   3.75   992.2   2.40  10.05   3.33  160.2
255 133 1463.5    nan   3.75   998.4   2.80  10.47   3.52  164.8
256 134 1474.2    nan   3.75  1005.7   5.66  10.04   3.72  170.1
257 135 1485.1    nan   3.74  1020.4   6.22  10.93   3.12  180.9
258 136 1497.0    nan   3.74  1036.5   6.93   8.74   3.78  192.8
259 137 1508.6   3.75   3.74  1054.5   6.64   2.26   3.92  206.2
260 138 1519.9    nan   3.74  1071.7   6.22  10.18   2.26  219.0
261 139 1530.5    nan   3.74  1087.8   5.94  10.61   3.29  231.1
262 140 1542.8    nan   3.74  1103.2   1.27  10.77   3.55  242.7
263 141 1552.8    nan   3.74  1106.5   3.25   7.40   4.41  245.1
264 142 1563.7    nan   3.74  1114.9   1.00   2.43   3.80  251.5
265 143 1573.1    nan   3.74  1117.5   1.34   2.90   1.80  253.5
266 144 1578.0    nan   3.74  1121.0   6.50   6.20   1.76  256.1
267 145 1582.9   3.60   3.74  1137.8   6.04   7.26   2.88  268.7
268 146 1586.6    nan   3.74  1153.5   5.74   9.32   3.05  280.5
269 147 1591.8    nan   3.74  1168.3   5.48   7.53   3.62  291.6
270 148 1598.3    nan   3.74  1182.5   4.08   9.35   3.02  302.1
271 149 1604.1    nan   3.74  1193.1   0.00   9.91   3.31  302.1
